<?xml version="1.0" encoding="UTF-8"?>
<!-- Generated by org.testng.reporters.JUnitReportReporter -->
<testsuite skipped="0" hostname="NDI-LAP-526" name="com.app.test.SampleTests.SampleTestFF" tests="1" failures="0" timestamp="12 Jul 2017 11:01:05 GMT" time="15.299" errors="0">
  <testcase name="verifySignInFunctionFireFox" time="15.299" classname="com.app.test.SampleTests.SampleTestFF"/>
</testsuite> <!-- com.app.test.SampleTests.SampleTestFF -->
