<?xml version="1.0" encoding="UTF-8"?>
<!-- Generated by org.testng.reporters.JUnitReportReporter -->
<testsuite skipped="0" hostname="NDI-LAP-550" name="com.iambank.test.app.IntroScreens.FourthIntroScreenTest" tests="3" failures="0" timestamp="15 May 2017 11:01:55 GMT" time="227.348" errors="0">
  <testcase name="testThirdScreenTexts" time="73.004" classname="com.iambank.test.app.IntroScreens.FourthIntroScreenTest"/>
  <testcase name="testNextButtonFunctionality" time="80.870" classname="com.iambank.test.app.IntroScreens.FourthIntroScreenTest"/>
  <testcase name="testSignInLink" time="73.474" classname="com.iambank.test.app.IntroScreens.FourthIntroScreenTest"/>
</testsuite> <!-- com.iambank.test.app.IntroScreens.FourthIntroScreenTest -->
