<?xml version="1.0" encoding="UTF-8"?>
<!-- Generated by org.testng.reporters.JUnitReportReporter -->
<testsuite skipped="0" hostname="NDI-LAP-526" name="com.app.test.SampleTests.SampleTest" tests="1" failures="0" timestamp="14 Jul 2017 08:07:32 GMT" time="33.861" errors="0">
  <testcase name="verifySignInFunction" time="33.861" classname="com.app.test.SampleTests.SampleTest"/>
</testsuite> <!-- com.app.test.SampleTests.SampleTest -->
