<?xml version="1.0" encoding="UTF-8"?>
<!-- Generated by org.testng.reporters.JUnitReportReporter -->
<testsuite skipped="0" hostname="NDI-LAP-526" name="com.iambank.test.system.app.OnBoardingScreens.MarketSelectionTest" tests="1" failures="0" timestamp="03 May 2017 07:42:10 GMT" time="28.673" errors="0">
  <testcase name="verifyMarketSelectionScreenisDisplayed" time="28.673" classname="com.iambank.test.system.app.OnBoardingScreens.MarketSelectionTest"/>
</testsuite> <!-- com.iambank.test.system.app.OnBoardingScreens.MarketSelectionTest -->
