<?xml version="1.0" encoding="UTF-8"?>
<!-- Generated by org.testng.reporters.JUnitReportReporter -->
<testsuite skipped="0" hostname="NDI-LAP-526" name="com.iambank.test.app.OnBoardingScreens.LegalNameTest" tests="3" failures="0" timestamp="10 May 2017 08:39:18 GMT" time="168.377" errors="0">
  <testcase name="verifyLegalNameScreenisDisplayed" time="55.046" classname="com.iambank.test.app.OnBoardingScreens.LegalNameTest"/>
  <testcase name="verifyLegalNameScreenUI" time="53.481" classname="com.iambank.test.app.OnBoardingScreens.LegalNameTest"/>
  <testcase name="verifyNextButtonClick" time="59.850" classname="com.iambank.test.app.OnBoardingScreens.LegalNameTest"/>
</testsuite> <!-- com.iambank.test.app.OnBoardingScreens.LegalNameTest -->
