<?xml version="1.0" encoding="UTF-8"?>
<!-- Generated by org.testng.reporters.JUnitReportReporter -->
<testsuite skipped="0" hostname="NDI-LAP-526" name="com.iambank.test.app.OnBoardingScreens.VerficationCodeTest" tests="1" failures="0" timestamp="08 May 2017 09:36:43 GMT" time="79.005" errors="0">
  <testcase name="verifyNextButtonClick" time="79.005" classname="com.iambank.test.app.OnBoardingScreens.VerficationCodeTest"/>
</testsuite> <!-- com.iambank.test.app.OnBoardingScreens.VerficationCodeTest -->
