<?xml version="1.0" encoding="UTF-8"?>
<!-- Generated by org.testng.reporters.JUnitReportReporter -->
<testsuite skipped="0" hostname="NDI-LAP-526" name="com.iambank.test.app.SprintDemo.Sprint2DemoTest" tests="1" failures="0" timestamp="11 May 2017 14:56:05 GMT" time="173.985" errors="0">
  <testcase name="verifyNextButtonClick" time="173.985" classname="com.iambank.test.app.SprintDemo.Sprint2DemoTest"/>
</testsuite> <!-- com.iambank.test.app.SprintDemo.Sprint2DemoTest -->
