<?xml version="1.0" encoding="UTF-8"?>
<!-- Generated by org.testng.reporters.JUnitReportReporter -->
<testsuite skipped="0" hostname="NDI-LAP-526" name="com.iambank.test.app.OnBoardingScreens.MarketSelectionTest" tests="3" failures="0" timestamp="10 May 2017 08:34:32 GMT" time="157.964" errors="0">
  <testcase name="verifyMarketSelectionScreenisDisplayed" time="53.335" classname="com.iambank.test.app.OnBoardingScreens.MarketSelectionTest"/>
  <testcase name="verifyMarketSelectionScreenUI" time="52.156" classname="com.iambank.test.app.OnBoardingScreens.MarketSelectionTest"/>
  <testcase name="verifyNextButtonClick" time="52.473" classname="com.iambank.test.app.OnBoardingScreens.MarketSelectionTest"/>
</testsuite> <!-- com.iambank.test.app.OnBoardingScreens.MarketSelectionTest -->
