<?xml version="1.0" encoding="UTF-8"?>
<!-- Generated by org.testng.reporters.JUnitReportReporter -->
<testsuite hostname="NDI-LAP-526" name="com.macys.test.system.app.IntroScreenTest" tests="1" failures="0" timestamp="25 Apr 2017 06:26:38 GMT" time="50.815" errors="0">
  <testcase name="introScreenTest" time="50.815" classname="com.macys.test.system.app.IntroScreenTest"/>
</testsuite> <!-- com.macys.test.system.app.IntroScreenTest -->
