<?xml version="1.0" encoding="UTF-8"?>
<!-- Generated by org.testng.reporters.JUnitReportReporter -->
<testsuite skipped="0" hostname="NDI-LAP-526" name="com.iambank.test.system.app.IntroScreens.IntroScreenTest" tests="1" failures="0" timestamp="02 May 2017 10:13:38 GMT" time="49.154" errors="0">
  <testcase name="introScreenTest" time="49.154" classname="com.iambank.test.system.app.IntroScreens.IntroScreenTest"/>
</testsuite> <!-- com.iambank.test.system.app.IntroScreens.IntroScreenTest -->
