<?xml version="1.0" encoding="UTF-8"?>
<!-- Generated by org.testng.reporters.JUnitReportReporter -->
<testsuite hostname="NDI-LAP-526" name="com.iambank.test.system.app.IntroScreenTest" tests="1" failures="0" timestamp="28 Apr 2017 14:38:05 GMT" time="49.121" errors="0">
  <testcase name="introScreenTest" time="49.121" classname="com.iambank.test.system.app.IntroScreenTest"/>
</testsuite> <!-- com.iambank.test.system.app.IntroScreenTest -->
