<?xml version="1.0" encoding="UTF-8"?>
<!-- Generated by org.testng.reporters.JUnitReportReporter -->
<testsuite skipped="0" hostname="NDI-LAP-526" name="com.iambank.test.system.app.IntroScreenTest" tests="1" failures="0" timestamp="02 May 2017 06:26:39 GMT" time="143.734" errors="0">
  <testcase name="introScreenTest" time="143.734" classname="com.iambank.test.system.app.IntroScreenTest"/>
</testsuite> <!-- com.iambank.test.system.app.IntroScreenTest -->
